# JRE version: OpenJDK Runtime Environment Temurin-17.0.11+9 (17.0.11+9) (build 17.0.11+9)
# Java VM: OpenJDK 64-Bit Server VM Temurin-17.0.11+9 (17.0.11+9, mixed mode, tiered, compressed oops, compressed class ptrs, parallel gc, windows-amd64)
GC Precious Log:
 CPUs: 24 total, 24 available
 Memory: 65360M
 Large Page Support: Disabled
 NUMA Support: Disabled
 Compressed Oops: Enabled (32-bit)
 Alignments: Space 512K, Generation 512K, Heap 2M
 Heap Min Capacity: 100M
 Heap Initial Capacity: 100M
 Heap Max Capacity: 1G
 Pre-touch: Disabled
 Parallel Workers: 18
Heap:
 PSYoungGen      total 9728K, used 5776K [0x00000000eab00000, 0x00000000eb980000, 0x0000000100000000)
  eden space 5632K, 31% used [0x00000000eab00000,0x00000000eacc0350,0x00000000eb080000)
  from space 4096K, 97% used [0x00000000eb080000,0x00000000eb464030,0x00000000eb480000)
  to   space 4608K, 0% used [0x00000000eb500000,0x00000000eb500000,0x00000000eb980000)
 ParOldGen       total 309248K, used 285038K [0x00000000c0000000, 0x00000000d2e00000, 0x00000000eab00000)
  object space 309248K, 92% used [0x00000000c0000000,0x00000000d165ba10,0x00000000d2e00000)
 Metaspace       used 87319K, committed 88640K, reserved 1179648K
  class space    used 8875K, committed 9472K, reserved 1048576K
GC Heap History (20 events):
Event: 598.750 GC heap before
{Heap before GC invocations=374 (full 10):
 PSYoungGen      total 10240K, used 10208K [0x00000000eab00000, 0x00000000eba80000, 0x0000000100000000)
  eden space 5632K, 100% used [0x00000000eab00000,0x00000000eb080000,0x00000000eb080000)
  from space 4608K, 99% used [0x00000000eb080000,0x00000000eb4f80a0,0x00000000eb500000)
  to   space 5120K, 0% used [0x00000000eb580000,0x00000000eb580000,0x00000000eba80000)
 ParOldGen       total 309248K, used 276250K [0x00000000c0000000, 0x00000000d2e00000, 0x00000000eab00000)
  object space 309248K, 89% used [0x00000000c0000000,0x00000000d0dc6ad0,0x00000000d2e00000)
 Metaspace       used 87296K, committed 88576K, reserved 1179648K
  class space    used 8874K, committed 9472K, reserved 1048576K
}
Event: 598.751 GC heap after
{Heap after GC invocations=374 (full 10):
 PSYoungGen      total 11264K, used 4080K [0x00000000eab00000, 0x00000000eba80000, 0x0000000100000000)
  eden space 6144K, 0% used [0x00000000eab00000,0x00000000eab00000,0x00000000eb100000)
  from space 5120K, 79% used [0x00000000eb580000,0x00000000eb97c050,0x00000000eba80000)
  to   space 4608K, 0% used [0x00000000eb100000,0x00000000eb100000,0x00000000eb580000)
 ParOldGen       total 309248K, used 276752K [0x00000000c0000000, 0x00000000d2e00000, 0x00000000eab00000)
  object space 309248K, 89% used [0x00000000c0000000,0x00000000d0e44300,0x00000000d2e00000)
 Metaspace       used 87296K, committed 88576K, reserved 1179648K
  class space    used 8874K, committed 9472K, reserved 1048576K
}
Event: 598.838 GC heap before
{Heap before GC invocations=375 (full 10):
 PSYoungGen      total 11264K, used 10224K [0x00000000eab00000, 0x00000000eba80000, 0x0000000100000000)
  eden space 6144K, 100% used [0x00000000eab00000,0x00000000eb100000,0x00000000eb100000)
  from space 5120K, 79% used [0x00000000eb580000,0x00000000eb97c050,0x00000000eba80000)
  to   space 4608K, 0% used [0x00000000eb100000,0x00000000eb100000,0x00000000eb580000)
 ParOldGen       total 309248K, used 276752K [0x00000000c0000000, 0x00000000d2e00000, 0x00000000eab00000)
  object space 309248K, 89% used [0x00000000c0000000,0x00000000d0e44300,0x00000000d2e00000)
 Metaspace       used 87296K, committed 88576K, reserved 1179648K
  class space    used 8874K, committed 9472K, reserved 1048576K
}
Event: 598.839 GC heap after
{Heap after GC invocations=375 (full 10):
 PSYoungGen      total 10240K, used 4032K [0x00000000eab00000, 0x00000000eb900000, 0x0000000100000000)
  eden space 6144K, 0% used [0x00000000eab00000,0x00000000eab00000,0x00000000eb100000)
  from space 4096K, 98% used [0x00000000eb100000,0x00000000eb4f0080,0x00000000eb500000)
  to   space 4096K, 0% used [0x00000000eb500000,0x00000000eb500000,0x00000000eb900000)
 ParOldGen       total 309248K, used 277293K [0x00000000c0000000, 0x00000000d2e00000, 0x00000000eab00000)
  object space 309248K, 89% used [0x00000000c0000000,0x00000000d0ecb570,0x00000000d2e00000)
 Metaspace       used 87296K, committed 88576K, reserved 1179648K
  class space    used 8874K, committed 9472K, reserved 1048576K
}
Event: 598.845 GC heap before
{Heap before GC invocations=376 (full 10):
 PSYoungGen      total 10240K, used 10176K [0x00000000eab00000, 0x00000000eb900000, 0x0000000100000000)
  eden space 6144K, 100% used [0x00000000eab00000,0x00000000eb100000,0x00000000eb100000)
  from space 4096K, 98% used [0x00000000eb100000,0x00000000eb4f0080,0x00000000eb500000)
  to   space 4096K, 0% used [0x00000000eb500000,0x00000000eb500000,0x00000000eb900000)
 ParOldGen       total 309248K, used 277293K [0x00000000c0000000, 0x00000000d2e00000, 0x00000000eab00000)
  object space 309248K, 89% used [0x00000000c0000000,0x00000000d0ecb570,0x00000000d2e00000)
 Metaspace       used 87296K, committed 88576K, reserved 1179648K
  class space    used 8874K, committed 9472K, reserved 1048576K
}
Event: 598.846 GC heap after
{Heap after GC invocations=376 (full 10):
 PSYoungGen      total 9216K, used 4064K [0x00000000eab00000, 0x00000000ebc00000, 0x0000000100000000)
  eden space 5120K, 0% used [0x00000000eab00000,0x00000000eab00000,0x00000000eb000000)
  from space 4096K, 99% used [0x00000000eb500000,0x00000000eb8f8060,0x00000000eb900000)
  to   space 5120K, 0% used [0x00000000eb000000,0x00000000eb000000,0x00000000eb500000)
 ParOldGen       total 309248K, used 277779K [0x00000000c0000000, 0x00000000d2e00000, 0x00000000eab00000)
  object space 309248K, 89% used [0x00000000c0000000,0x00000000d0f44d80,0x00000000d2e00000)
 Metaspace       used 87296K, committed 88576K, reserved 1179648K
  class space    used 8874K, committed 9472K, reserved 1048576K
}
Event: 598.903 GC heap before
{Heap before GC invocations=377 (full 10):
 PSYoungGen      total 9216K, used 9184K [0x00000000eab00000, 0x00000000ebc00000, 0x0000000100000000)
  eden space 5120K, 100% used [0x00000000eab00000,0x00000000eb000000,0x00000000eb000000)
  from space 4096K, 99% used [0x00000000eb500000,0x00000000eb8f8060,0x00000000eb900000)
  to   space 5120K, 0% used [0x00000000eb000000,0x00000000eb000000,0x00000000eb500000)
 ParOldGen       total 309248K, used 277779K [0x00000000c0000000, 0x00000000d2e00000, 0x00000000eab00000)
  object space 309248K, 89% used [0x00000000c0000000,0x00000000d0f44d80,0x00000000d2e00000)
 Metaspace       used 87296K, committed 88576K, reserved 1179648K
  class space    used 8874K, committed 9472K, reserved 1048576K
}
Event: 598.905 GC heap after
{Heap after GC invocations=377 (full 10):
 PSYoungGen      total 9216K, used 3952K [0x00000000eab00000, 0x00000000eb900000, 0x0000000100000000)
  eden space 5120K, 0% used [0x00000000eab00000,0x00000000eab00000,0x00000000eb000000)
  from space 4096K, 96% used [0x00000000eb000000,0x00000000eb3dc090,0x00000000eb400000)
  to   space 4608K, 0% used [0x00000000eb480000,0x00000000eb480000,0x00000000eb900000)
 ParOldGen       total 309248K, used 278604K [0x00000000c0000000, 0x00000000d2e00000, 0x00000000eab00000)
  object space 309248K, 90% used [0x00000000c0000000,0x00000000d1013200,0x00000000d2e00000)
 Metaspace       used 87296K, committed 88576K, reserved 1179648K
  class space    used 8874K, committed 9472K, reserved 1048576K
}
Event: 599.239 GC heap before
{Heap before GC invocations=378 (full 10):
 PSYoungGen      total 9216K, used 9072K [0x00000000eab00000, 0x00000000eb900000, 0x0000000100000000)
  eden space 5120K, 100% used [0x00000000eab00000,0x00000000eb000000,0x00000000eb000000)
  from space 4096K, 96% used [0x00000000eb000000,0x00000000eb3dc090,0x00000000eb400000)
  to   space 4608K, 0% used [0x00000000eb480000,0x00000000eb480000,0x00000000eb900000)
 ParOldGen       total 309248K, used 278604K [0x00000000c0000000, 0x00000000d2e00000, 0x00000000eab00000)
  object space 309248K, 90% used [0x00000000c0000000,0x00000000d1013200,0x00000000d2e00000)
 Metaspace       used 87304K, committed 88640K, reserved 1179648K
  class space    used 8875K, committed 9472K, reserved 1048576K
}
Event: 599.240 GC heap after
{Heap after GC invocations=378 (full 10):
 PSYoungGen      total 9728K, used 4096K [0x00000000eab00000, 0x00000000eb900000, 0x0000000100000000)
  eden space 5120K, 0% used [0x00000000eab00000,0x00000000eab00000,0x00000000eb000000)
  from space 4608K, 88% used [0x00000000eb480000,0x00000000eb880060,0x00000000eb900000)
  to   space 4608K, 0% used [0x00000000eb000000,0x00000000eb000000,0x00000000eb480000)
 ParOldGen       total 309248K, used 278604K [0x00000000c0000000, 0x00000000d2e00000, 0x00000000eab00000)
  object space 309248K, 90% used [0x00000000c0000000,0x00000000d1013200,0x00000000d2e00000)
 Metaspace       used 87304K, committed 88640K, reserved 1179648K
  class space    used 8875K, committed 9472K, reserved 1048576K
}
Event: 599.247 GC heap before
{Heap before GC invocations=379 (full 10):
 PSYoungGen      total 9728K, used 9216K [0x00000000eab00000, 0x00000000eb900000, 0x0000000100000000)
  eden space 5120K, 100% used [0x00000000eab00000,0x00000000eb000000,0x00000000eb000000)
  from space 4608K, 88% used [0x00000000eb480000,0x00000000eb880060,0x00000000eb900000)
  to   space 4608K, 0% used [0x00000000eb000000,0x00000000eb000000,0x00000000eb480000)
 ParOldGen       total 309248K, used 278604K [0x00000000c0000000, 0x00000000d2e00000, 0x00000000eab00000)
  object space 309248K, 90% used [0x00000000c0000000,0x00000000d1013200,0x00000000d2e00000)
 Metaspace       used 87308K, committed 88640K, reserved 1179648K
  class space    used 8875K, committed 9472K, reserved 1048576K
}
Event: 599.249 GC heap after
{Heap after GC invocations=379 (full 10):
 PSYoungGen      total 9728K, used 4607K [0x00000000eab00000, 0x00000000ec000000, 0x0000000100000000)
  eden space 5120K, 0% used [0x00000000eab00000,0x00000000eab00000,0x00000000eb000000)
  from space 4608K, 99% used [0x00000000eb000000,0x00000000eb47fc60,0x00000000eb480000)
  to   space 8192K, 0% used [0x00000000eb800000,0x00000000eb800000,0x00000000ec000000)
 ParOldGen       total 309248K, used 281555K [0x00000000c0000000, 0x00000000d2e00000, 0x00000000eab00000)
  object space 309248K, 91% used [0x00000000c0000000,0x00000000d12f4de0,0x00000000d2e00000)
 Metaspace       used 87308K, committed 88640K, reserved 1179648K
  class space    used 8875K, committed 9472K, reserved 1048576K
}
Event: 599.253 GC heap before
{Heap before GC invocations=380 (full 10):
 PSYoungGen      total 9728K, used 9727K [0x00000000eab00000, 0x00000000ec000000, 0x0000000100000000)
  eden space 5120K, 100% used [0x00000000eab00000,0x00000000eb000000,0x00000000eb000000)
  from space 4608K, 99% used [0x00000000eb000000,0x00000000eb47fc60,0x00000000eb480000)
  to   space 8192K, 0% used [0x00000000eb800000,0x00000000eb800000,0x00000000ec000000)
 ParOldGen       total 309248K, used 281555K [0x00000000c0000000, 0x00000000d2e00000, 0x00000000eab00000)
  object space 309248K, 91% used [0x00000000c0000000,0x00000000d12f4de0,0x00000000d2e00000)
 Metaspace       used 87308K, committed 88640K, reserved 1179648K
  class space    used 8875K, committed 9472K, reserved 1048576K
}
Event: 599.255 GC heap after
{Heap after GC invocations=380 (full 10):
 PSYoungGen      total 10240K, used 3984K [0x00000000eab00000, 0x00000000ebc00000, 0x0000000100000000)
  eden space 6144K, 0% used [0x00000000eab00000,0x00000000eab00000,0x00000000eb100000)
  from space 4096K, 97% used [0x00000000eb800000,0x00000000ebbe4050,0x00000000ebc00000)
  to   space 5632K, 0% used [0x00000000eb100000,0x00000000eb100000,0x00000000eb680000)
 ParOldGen       total 309248K, used 282744K [0x00000000c0000000, 0x00000000d2e00000, 0x00000000eab00000)
  object space 309248K, 91% used [0x00000000c0000000,0x00000000d141e050,0x00000000d2e00000)
 Metaspace       used 87308K, committed 88640K, reserved 1179648K
  class space    used 8875K, committed 9472K, reserved 1048576K
}
Event: 599.453 GC heap before
{Heap before GC invocations=381 (full 10):
 PSYoungGen      total 10240K, used 10128K [0x00000000eab00000, 0x00000000ebc00000, 0x0000000100000000)
  eden space 6144K, 100% used [0x00000000eab00000,0x00000000eb100000,0x00000000eb100000)
  from space 4096K, 97% used [0x00000000eb800000,0x00000000ebbe4050,0x00000000ebc00000)
  to   space 5632K, 0% used [0x00000000eb100000,0x00000000eb100000,0x00000000eb680000)
 ParOldGen       total 309248K, used 282744K [0x00000000c0000000, 0x00000000d2e00000, 0x00000000eab00000)
  object space 309248K, 91% used [0x00000000c0000000,0x00000000d141e050,0x00000000d2e00000)
 Metaspace       used 87312K, committed 88640K, reserved 1179648K
  class space    used 8875K, committed 9472K, reserved 1048576K
}
Event: 599.455 GC heap after
{Heap after GC invocations=381 (full 10):
 PSYoungGen      total 10752K, used 4304K [0x00000000eab00000, 0x00000000eba00000, 0x0000000100000000)
  eden space 6144K, 0% used [0x00000000eab00000,0x00000000eab00000,0x00000000eb100000)
  from space 4608K, 93% used [0x00000000eb100000,0x00000000eb534030,0x00000000eb580000)
  to   space 4608K, 0% used [0x00000000eb580000,0x00000000eb580000,0x00000000eba00000)
 ParOldGen       total 309248K, used 283795K [0x00000000c0000000, 0x00000000d2e00000, 0x00000000eab00000)
  object space 309248K, 91% used [0x00000000c0000000,0x00000000d1524d30,0x00000000d2e00000)
 Metaspace       used 87312K, committed 88640K, reserved 1179648K
  class space    used 8875K, committed 9472K, reserved 1048576K
}
Event: 599.495 GC heap before
{Heap before GC invocations=382 (full 10):
 PSYoungGen      total 10752K, used 10448K [0x00000000eab00000, 0x00000000eba00000, 0x0000000100000000)
  eden space 6144K, 100% used [0x00000000eab00000,0x00000000eb100000,0x00000000eb100000)
  from space 4608K, 93% used [0x00000000eb100000,0x00000000eb534030,0x00000000eb580000)
  to   space 4608K, 0% used [0x00000000eb580000,0x00000000eb580000,0x00000000eba00000)
 ParOldGen       total 309248K, used 283795K [0x00000000c0000000, 0x00000000d2e00000, 0x00000000eab00000)
  object space 309248K, 91% used [0x00000000c0000000,0x00000000d1524d30,0x00000000d2e00000)
 Metaspace       used 87319K, committed 88640K, reserved 1179648K
  class space    used 8875K, committed 9472K, reserved 1048576K
}
Event: 599.496 GC heap after
{Heap after GC invocations=382 (full 10):
 PSYoungGen      total 10240K, used 4592K [0x00000000eab00000, 0x00000000ebb00000, 0x0000000100000000)
  eden space 5632K, 0% used [0x00000000eab00000,0x00000000eab00000,0x00000000eb080000)
  from space 4608K, 99% used [0x00000000eb580000,0x00000000eb9fc070,0x00000000eba00000)
  to   space 5120K, 0% used [0x00000000eb080000,0x00000000eb080000,0x00000000eb580000)
 ParOldGen       total 309248K, used 284035K [0x00000000c0000000, 0x00000000d2e00000, 0x00000000eab00000)
  object space 309248K, 91% used [0x00000000c0000000,0x00000000d1560d50,0x00000000d2e00000)
 Metaspace       used 87319K, committed 88640K, reserved 1179648K
  class space    used 8875K, committed 9472K, reserved 1048576K
}
Event: 599.503 GC heap before
{Heap before GC invocations=383 (full 10):
 PSYoungGen      total 10240K, used 10224K [0x00000000eab00000, 0x00000000ebb00000, 0x0000000100000000)
  eden space 5632K, 100% used [0x00000000eab00000,0x00000000eb080000,0x00000000eb080000)
  from space 4608K, 99% used [0x00000000eb580000,0x00000000eb9fc070,0x00000000eba00000)
  to   space 5120K, 0% used [0x00000000eb080000,0x00000000eb080000,0x00000000eb580000)
 ParOldGen       total 309248K, used 284035K [0x00000000c0000000, 0x00000000d2e00000, 0x00000000eab00000)
  object space 309248K, 91% used [0x00000000c0000000,0x00000000d1560d50,0x00000000d2e00000)
 Metaspace       used 87319K, committed 88640K, reserved 1179648K
  class space    used 8875K, committed 9472K, reserved 1048576K
}
Event: 599.504 GC heap after
{Heap after GC invocations=383 (full 10):
 PSYoungGen      total 9728K, used 3984K [0x00000000eab00000, 0x00000000eb980000, 0x0000000100000000)
  eden space 5632K, 0% used [0x00000000eab00000,0x00000000eab00000,0x00000000eb080000)
  from space 4096K, 97% used [0x00000000eb080000,0x00000000eb464030,0x00000000eb480000)
  to   space 4608K, 0% used [0x00000000eb500000,0x00000000eb500000,0x00000000eb980000)
 ParOldGen       total 309248K, used 285038K [0x00000000c0000000, 0x00000000d2e00000, 0x00000000eab00000)
  object space 309248K, 92% used [0x00000000c0000000,0x00000000d165ba10,0x00000000d2e00000)
 Metaspace       used 87319K, committed 88640K, reserved 1179648K
  class space    used 8875K, committed 9472K, reserved 1048576K
}

