# JRE version: OpenJDK Runtime Environment Temurin-17.0.11+9 (17.0.11+9) (build 17.0.11+9)
# Java VM: OpenJDK 64-Bit Server VM Temurin-17.0.11+9 (17.0.11+9, mixed mode, tiered, compressed oops, compressed class ptrs, parallel gc, windows-amd64)
GC Precious Log:
 CPUs: 24 total, 24 available
 Memory: 65360M
 Large Page Support: Disabled
 NUMA Support: Disabled
 Compressed Oops: Enabled (32-bit)
 Alignments: Space 512K, Generation 512K, Heap 2M
 Heap Min Capacity: 100M
 Heap Initial Capacity: 100M
 Heap Max Capacity: 1G
 Pre-touch: Disabled
 Parallel Workers: 18
Heap:
 PSYoungGen      total 5632K, used 5043K [0x00000000eab00000, 0x00000000eb180000, 0x0000000100000000)
  eden space 5120K, 91% used [0x00000000eab00000,0x00000000eaf8ce78,0x00000000eb000000)
  from space 512K, 75% used [0x00000000eb100000,0x00000000eb160000,0x00000000eb180000)
  to   space 512K, 0% used [0x00000000eb080000,0x00000000eb080000,0x00000000eb100000)
 ParOldGen       total 288256K, used 224957K [0x00000000c0000000, 0x00000000d1980000, 0x00000000eab00000)
  object space 288256K, 78% used [0x00000000c0000000,0x00000000cdbaf608,0x00000000d1980000)
 Metaspace       used 83611K, committed 84864K, reserved 1179648K
  class space    used 8489K, committed 9024K, reserved 1048576K
GC Heap History (20 events):
Event: 240.798 GC heap before
{Heap before GC invocations=672 (full 14):
 PSYoungGen      total 6144K, used 5752K [0x00000000eab00000, 0x00000000eb280000, 0x0000000100000000)
  eden space 5120K, 100% used [0x00000000eab00000,0x00000000eb000000,0x00000000eb000000)
  from space 1024K, 61% used [0x00000000eb180000,0x00000000eb21e3d0,0x00000000eb280000)
  to   space 1024K, 0% used [0x00000000eb080000,0x00000000eb080000,0x00000000eb180000)
 ParOldGen       total 288256K, used 222359K [0x00000000c0000000, 0x00000000d1980000, 0x00000000eab00000)
  object space 288256K, 77% used [0x00000000c0000000,0x00000000cd925d88,0x00000000d1980000)
 Metaspace       used 83597K, committed 84800K, reserved 1179648K
  class space    used 8488K, committed 9024K, reserved 1048576K
}
Event: 240.799 GC heap after
{Heap after GC invocations=672 (full 14):
 PSYoungGen      total 5632K, used 480K [0x00000000eab00000, 0x00000000eb200000, 0x0000000100000000)
  eden space 5120K, 0% used [0x00000000eab00000,0x00000000eab00000,0x00000000eb000000)
  from space 512K, 93% used [0x00000000eb080000,0x00000000eb0f8000,0x00000000eb100000)
  to   space 1024K, 0% used [0x00000000eb100000,0x00000000eb100000,0x00000000eb200000)
 ParOldGen       total 288256K, used 222621K [0x00000000c0000000, 0x00000000d1980000, 0x00000000eab00000)
  object space 288256K, 77% used [0x00000000c0000000,0x00000000cd9677a8,0x00000000d1980000)
 Metaspace       used 83597K, committed 84800K, reserved 1179648K
  class space    used 8488K, committed 9024K, reserved 1048576K
}
Event: 240.827 GC heap before
{Heap before GC invocations=673 (full 14):
 PSYoungGen      total 5632K, used 5600K [0x00000000eab00000, 0x00000000eb200000, 0x0000000100000000)
  eden space 5120K, 100% used [0x00000000eab00000,0x00000000eb000000,0x00000000eb000000)
  from space 512K, 93% used [0x00000000eb080000,0x00000000eb0f8000,0x00000000eb100000)
  to   space 1024K, 0% used [0x00000000eb100000,0x00000000eb100000,0x00000000eb200000)
 ParOldGen       total 288256K, used 222621K [0x00000000c0000000, 0x00000000d1980000, 0x00000000eab00000)
  object space 288256K, 77% used [0x00000000c0000000,0x00000000cd9677a8,0x00000000d1980000)
 Metaspace       used 83597K, committed 84800K, reserved 1179648K
  class space    used 8488K, committed 9024K, reserved 1048576K
}
Event: 240.828 GC heap after
{Heap after GC invocations=673 (full 14):
 PSYoungGen      total 6144K, used 672K [0x00000000eab00000, 0x00000000eb200000, 0x0000000100000000)
  eden space 5120K, 0% used [0x00000000eab00000,0x00000000eab00000,0x00000000eb000000)
  from space 1024K, 65% used [0x00000000eb100000,0x00000000eb1a8020,0x00000000eb200000)
  to   space 1024K, 0% used [0x00000000eb000000,0x00000000eb000000,0x00000000eb100000)
 ParOldGen       total 288256K, used 222685K [0x00000000c0000000, 0x00000000d1980000, 0x00000000eab00000)
  object space 288256K, 77% used [0x00000000c0000000,0x00000000cd9777a8,0x00000000d1980000)
 Metaspace       used 83597K, committed 84800K, reserved 1179648K
  class space    used 8488K, committed 9024K, reserved 1048576K
}
Event: 240.835 GC heap before
{Heap before GC invocations=674 (full 14):
 PSYoungGen      total 6144K, used 5792K [0x00000000eab00000, 0x00000000eb200000, 0x0000000100000000)
  eden space 5120K, 100% used [0x00000000eab00000,0x00000000eb000000,0x00000000eb000000)
  from space 1024K, 65% used [0x00000000eb100000,0x00000000eb1a8020,0x00000000eb200000)
  to   space 1024K, 0% used [0x00000000eb000000,0x00000000eb000000,0x00000000eb100000)
 ParOldGen       total 288256K, used 222685K [0x00000000c0000000, 0x00000000d1980000, 0x00000000eab00000)
  object space 288256K, 77% used [0x00000000c0000000,0x00000000cd9777a8,0x00000000d1980000)
 Metaspace       used 83598K, committed 84800K, reserved 1179648K
  class space    used 8488K, committed 9024K, reserved 1048576K
}
Event: 240.836 GC heap after
{Heap after GC invocations=674 (full 14):
 PSYoungGen      total 6144K, used 1024K [0x00000000eab00000, 0x00000000eb400000, 0x0000000100000000)
  eden space 5120K, 0% used [0x00000000eab00000,0x00000000eab00000,0x00000000eb000000)
  from space 1024K, 100% used [0x00000000eb000000,0x00000000eb100000,0x00000000eb100000)
  to   space 2048K, 0% used [0x00000000eb200000,0x00000000eb200000,0x00000000eb400000)
 ParOldGen       total 288256K, used 223371K [0x00000000c0000000, 0x00000000d1980000, 0x00000000eab00000)
  object space 288256K, 77% used [0x00000000c0000000,0x00000000cda22e48,0x00000000d1980000)
 Metaspace       used 83598K, committed 84800K, reserved 1179648K
  class space    used 8488K, committed 9024K, reserved 1048576K
}
Event: 240.886 GC heap before
{Heap before GC invocations=675 (full 14):
 PSYoungGen      total 6144K, used 6144K [0x00000000eab00000, 0x00000000eb400000, 0x0000000100000000)
  eden space 5120K, 100% used [0x00000000eab00000,0x00000000eb000000,0x00000000eb000000)
  from space 1024K, 100% used [0x00000000eb000000,0x00000000eb100000,0x00000000eb100000)
  to   space 2048K, 0% used [0x00000000eb200000,0x00000000eb200000,0x00000000eb400000)
 ParOldGen       total 288256K, used 223371K [0x00000000c0000000, 0x00000000d1980000, 0x00000000eab00000)
  object space 288256K, 77% used [0x00000000c0000000,0x00000000cda22e48,0x00000000d1980000)
 Metaspace       used 83600K, committed 84800K, reserved 1179648K
  class space    used 8488K, committed 9024K, reserved 1048576K
}
Event: 240.887 GC heap after
{Heap after GC invocations=675 (full 14):
 PSYoungGen      total 5632K, used 416K [0x00000000eab00000, 0x00000000eb280000, 0x0000000100000000)
  eden space 5120K, 0% used [0x00000000eab00000,0x00000000eab00000,0x00000000eb000000)
  from space 512K, 81% used [0x00000000eb200000,0x00000000eb268000,0x00000000eb280000)
  to   space 1024K, 0% used [0x00000000eb080000,0x00000000eb080000,0x00000000eb180000)
 ParOldGen       total 288256K, used 224307K [0x00000000c0000000, 0x00000000d1980000, 0x00000000eab00000)
  object space 288256K, 77% used [0x00000000c0000000,0x00000000cdb0ce48,0x00000000d1980000)
 Metaspace       used 83600K, committed 84800K, reserved 1179648K
  class space    used 8488K, committed 9024K, reserved 1048576K
}
Event: 240.893 GC heap before
{Heap before GC invocations=676 (full 14):
 PSYoungGen      total 5632K, used 5536K [0x00000000eab00000, 0x00000000eb280000, 0x0000000100000000)
  eden space 5120K, 100% used [0x00000000eab00000,0x00000000eb000000,0x00000000eb000000)
  from space 512K, 81% used [0x00000000eb200000,0x00000000eb268000,0x00000000eb280000)
  to   space 1024K, 0% used [0x00000000eb080000,0x00000000eb080000,0x00000000eb180000)
 ParOldGen       total 288256K, used 224307K [0x00000000c0000000, 0x00000000d1980000, 0x00000000eab00000)
  object space 288256K, 77% used [0x00000000c0000000,0x00000000cdb0ce48,0x00000000d1980000)
 Metaspace       used 83600K, committed 84800K, reserved 1179648K
  class space    used 8488K, committed 9024K, reserved 1048576K
}
Event: 240.893 GC heap after
{Heap after GC invocations=676 (full 14):
 PSYoungGen      total 6144K, used 640K [0x00000000eab00000, 0x00000000eb280000, 0x0000000100000000)
  eden space 5120K, 0% used [0x00000000eab00000,0x00000000eab00000,0x00000000eb000000)
  from space 1024K, 62% used [0x00000000eb080000,0x00000000eb120000,0x00000000eb180000)
  to   space 1024K, 0% used [0x00000000eb180000,0x00000000eb180000,0x00000000eb280000)
 ParOldGen       total 288256K, used 224427K [0x00000000c0000000, 0x00000000d1980000, 0x00000000eab00000)
  object space 288256K, 77% used [0x00000000c0000000,0x00000000cdb2ae48,0x00000000d1980000)
 Metaspace       used 83600K, committed 84800K, reserved 1179648K
  class space    used 8488K, committed 9024K, reserved 1048576K
}
Event: 241.159 GC heap before
{Heap before GC invocations=677 (full 14):
 PSYoungGen      total 6144K, used 5760K [0x00000000eab00000, 0x00000000eb280000, 0x0000000100000000)
  eden space 5120K, 100% used [0x00000000eab00000,0x00000000eb000000,0x00000000eb000000)
  from space 1024K, 62% used [0x00000000eb080000,0x00000000eb120000,0x00000000eb180000)
  to   space 1024K, 0% used [0x00000000eb180000,0x00000000eb180000,0x00000000eb280000)
 ParOldGen       total 288256K, used 224427K [0x00000000c0000000, 0x00000000d1980000, 0x00000000eab00000)
  object space 288256K, 77% used [0x00000000c0000000,0x00000000cdb2ae48,0x00000000d1980000)
 Metaspace       used 83600K, committed 84800K, reserved 1179648K
  class space    used 8488K, committed 9024K, reserved 1048576K
}
Event: 241.160 GC heap after
{Heap after GC invocations=677 (full 14):
 PSYoungGen      total 6144K, used 992K [0x00000000eab00000, 0x00000000eb300000, 0x0000000100000000)
  eden space 5120K, 0% used [0x00000000eab00000,0x00000000eab00000,0x00000000eb000000)
  from space 1024K, 96% used [0x00000000eb180000,0x00000000eb278020,0x00000000eb280000)
  to   space 1536K, 0% used [0x00000000eb000000,0x00000000eb000000,0x00000000eb180000)
 ParOldGen       total 288256K, used 224459K [0x00000000c0000000, 0x00000000d1980000, 0x00000000eab00000)
  object space 288256K, 77% used [0x00000000c0000000,0x00000000cdb32e48,0x00000000d1980000)
 Metaspace       used 83600K, committed 84800K, reserved 1179648K
  class space    used 8488K, committed 9024K, reserved 1048576K
}
Event: 241.169 GC heap before
{Heap before GC invocations=678 (full 14):
 PSYoungGen      total 6144K, used 6112K [0x00000000eab00000, 0x00000000eb300000, 0x0000000100000000)
  eden space 5120K, 100% used [0x00000000eab00000,0x00000000eb000000,0x00000000eb000000)
  from space 1024K, 96% used [0x00000000eb180000,0x00000000eb278020,0x00000000eb280000)
  to   space 1536K, 0% used [0x00000000eb000000,0x00000000eb000000,0x00000000eb180000)
 ParOldGen       total 288256K, used 224459K [0x00000000c0000000, 0x00000000d1980000, 0x00000000eab00000)
  object space 288256K, 77% used [0x00000000c0000000,0x00000000cdb32e48,0x00000000d1980000)
 Metaspace       used 83601K, committed 84800K, reserved 1179648K
  class space    used 8488K, committed 9024K, reserved 1048576K
}
Event: 241.169 GC heap after
{Heap after GC invocations=678 (full 14):
 PSYoungGen      total 5632K, used 320K [0x00000000eab00000, 0x00000000eb200000, 0x0000000100000000)
  eden space 5120K, 0% used [0x00000000eab00000,0x00000000eab00000,0x00000000eb000000)
  from space 512K, 62% used [0x00000000eb000000,0x00000000eb050000,0x00000000eb080000)
  to   space 1024K, 0% used [0x00000000eb100000,0x00000000eb100000,0x00000000eb200000)
 ParOldGen       total 288256K, used 224619K [0x00000000c0000000, 0x00000000d1980000, 0x00000000eab00000)
  object space 288256K, 77% used [0x00000000c0000000,0x00000000cdb5ae68,0x00000000d1980000)
 Metaspace       used 83601K, committed 84800K, reserved 1179648K
  class space    used 8488K, committed 9024K, reserved 1048576K
}
Event: 241.180 GC heap before
{Heap before GC invocations=679 (full 14):
 PSYoungGen      total 5632K, used 5440K [0x00000000eab00000, 0x00000000eb200000, 0x0000000100000000)
  eden space 5120K, 100% used [0x00000000eab00000,0x00000000eb000000,0x00000000eb000000)
  from space 512K, 62% used [0x00000000eb000000,0x00000000eb050000,0x00000000eb080000)
  to   space 1024K, 0% used [0x00000000eb100000,0x00000000eb100000,0x00000000eb200000)
 ParOldGen       total 288256K, used 224619K [0x00000000c0000000, 0x00000000d1980000, 0x00000000eab00000)
  object space 288256K, 77% used [0x00000000c0000000,0x00000000cdb5ae68,0x00000000d1980000)
 Metaspace       used 83602K, committed 84800K, reserved 1179648K
  class space    used 8488K, committed 9024K, reserved 1048576K
}
Event: 241.180 GC heap after
{Heap after GC invocations=679 (full 14):
 PSYoungGen      total 6144K, used 536K [0x00000000eab00000, 0x00000000eb200000, 0x0000000100000000)
  eden space 5120K, 0% used [0x00000000eab00000,0x00000000eab00000,0x00000000eb000000)
  from space 1024K, 52% used [0x00000000eb100000,0x00000000eb1863d0,0x00000000eb200000)
  to   space 1024K, 0% used [0x00000000eb000000,0x00000000eb000000,0x00000000eb100000)
 ParOldGen       total 288256K, used 224683K [0x00000000c0000000, 0x00000000d1980000, 0x00000000eab00000)
  object space 288256K, 77% used [0x00000000c0000000,0x00000000cdb6ae68,0x00000000d1980000)
 Metaspace       used 83602K, committed 84800K, reserved 1179648K
  class space    used 8488K, committed 9024K, reserved 1048576K
}
Event: 241.184 GC heap before
{Heap before GC invocations=680 (full 14):
 PSYoungGen      total 6144K, used 5656K [0x00000000eab00000, 0x00000000eb200000, 0x0000000100000000)
  eden space 5120K, 100% used [0x00000000eab00000,0x00000000eb000000,0x00000000eb000000)
  from space 1024K, 52% used [0x00000000eb100000,0x00000000eb1863d0,0x00000000eb200000)
  to   space 1024K, 0% used [0x00000000eb000000,0x00000000eb000000,0x00000000eb100000)
 ParOldGen       total 288256K, used 224683K [0x00000000c0000000, 0x00000000d1980000, 0x00000000eab00000)
  object space 288256K, 77% used [0x00000000c0000000,0x00000000cdb6ae68,0x00000000d1980000)
 Metaspace       used 83602K, committed 84800K, reserved 1179648K
  class space    used 8488K, committed 9024K, reserved 1048576K
}
Event: 241.185 GC heap after
{Heap after GC invocations=680 (full 14):
 PSYoungGen      total 6144K, used 256K [0x00000000eab00000, 0x00000000eb180000, 0x0000000100000000)
  eden space 5120K, 0% used [0x00000000eab00000,0x00000000eab00000,0x00000000eb000000)
  from space 1024K, 25% used [0x00000000eb000000,0x00000000eb040000,0x00000000eb100000)
  to   space 512K, 0% used [0x00000000eb100000,0x00000000eb100000,0x00000000eb180000)
 ParOldGen       total 288256K, used 224901K [0x00000000c0000000, 0x00000000d1980000, 0x00000000eab00000)
  object space 288256K, 78% used [0x00000000c0000000,0x00000000cdba1608,0x00000000d1980000)
 Metaspace       used 83602K, committed 84800K, reserved 1179648K
  class space    used 8488K, committed 9024K, reserved 1048576K
}
Event: 241.721 GC heap before
{Heap before GC invocations=681 (full 14):
 PSYoungGen      total 6144K, used 5376K [0x00000000eab00000, 0x00000000eb180000, 0x0000000100000000)
  eden space 5120K, 100% used [0x00000000eab00000,0x00000000eb000000,0x00000000eb000000)
  from space 1024K, 25% used [0x00000000eb000000,0x00000000eb040000,0x00000000eb100000)
  to   space 512K, 0% used [0x00000000eb100000,0x00000000eb100000,0x00000000eb180000)
 ParOldGen       total 288256K, used 224901K [0x00000000c0000000, 0x00000000d1980000, 0x00000000eab00000)
  object space 288256K, 78% used [0x00000000c0000000,0x00000000cdba1608,0x00000000d1980000)
 Metaspace       used 83602K, committed 84800K, reserved 1179648K
  class space    used 8488K, committed 9024K, reserved 1048576K
}
Event: 241.721 GC heap after
{Heap after GC invocations=681 (full 14):
 PSYoungGen      total 5632K, used 384K [0x00000000eab00000, 0x00000000eb180000, 0x0000000100000000)
  eden space 5120K, 0% used [0x00000000eab00000,0x00000000eab00000,0x00000000eb000000)
  from space 512K, 75% used [0x00000000eb100000,0x00000000eb160000,0x00000000eb180000)
  to   space 512K, 0% used [0x00000000eb080000,0x00000000eb080000,0x00000000eb100000)
 ParOldGen       total 288256K, used 224957K [0x00000000c0000000, 0x00000000d1980000, 0x00000000eab00000)
  object space 288256K, 78% used [0x00000000c0000000,0x00000000cdbaf608,0x00000000d1980000)
 Metaspace       used 83602K, committed 84800K, reserved 1179648K
  class space    used 8488K, committed 9024K, reserved 1048576K
}

